

*** SIMULATION PARAMETERS FOR  <open file '/local/duman/SIMULATIONS/long_filaments/density_0.2/kappa_1600.0/fp_0.01/init_info.txt', mode 'r' at 0x7f8c1714eed0>
dt =  0.0001
L =  100.0
Pe =  100.0
xi_p/L =  16.0
T =  255000000.0
nfil =  201
nmol =  2000
nbeads =  402000
lx = ly =  2000.0
Diffusive time scale is  505000.0
Advective time scale is  20200.0
***


Generating images for the following file : /local/duman/SIMULATIONS/long_filaments/density_0.2/kappa_1600.0/fp_0.01/
From frame : 400000000 to frame : 479500000 with nsamp : 500000
400000000  of  479500000  with  500000  intervals
400500000  of  479500000  with  500000  intervals
401000000  of  479500000  with  500000  intervals
401500000  of  479500000  with  500000  intervals
402000000  of  479500000  with  500000  intervals
402500000  of  479500000  with  500000  intervals
403000000  of  479500000  with  500000  intervals
403500000  of  479500000  with  500000  intervals
404000000  of  479500000  with  500000  intervals
404500000  of  479500000  with  500000  intervals
405000000  of  479500000  with  500000  intervals
405500000  of  479500000  with  500000  intervals
406000000  of  479500000  with  500000  intervals
406500000  of  479500000  with  500000  intervals
407000000  of  479500000  with  500000  intervals
407500000  of  479500000  with  500000  intervals
408000000  of  479500000  with  500000  intervals
408500000  of  479500000  with  500000  intervals
409000000  of  479500000  with  500000  intervals
409500000  of  479500000  with  500000  intervals
410000000  of  479500000  with  500000  intervals
410500000  of  479500000  with  500000  intervals
411000000  of  479500000  with  500000  intervals
411500000  of  479500000  with  500000  intervals
412000000  of  479500000  with  500000  intervals
412500000  of  479500000  with  500000  intervals
413000000  of  479500000  with  500000  intervals
413500000  of  479500000  with  500000  intervals
414000000  of  479500000  with  500000  intervals
414500000  of  479500000  with  500000  intervals
415000000  of  479500000  with  500000  intervals
415500000  of  479500000  with  500000  intervals
416000000  of  479500000  with  500000  intervals
416500000  of  479500000  with  500000  intervals
417000000  of  479500000  with  500000  intervals
417500000  of  479500000  with  500000  intervals
418000000  of  479500000  with  500000  intervals
418500000  of  479500000  with  500000  intervals
419000000  of  479500000  with  500000  intervals
419500000  of  479500000  with  500000  intervals
420000000  of  479500000  with  500000  intervals
420500000  of  479500000  with  500000  intervals
421000000  of  479500000  with  500000  intervals
421500000  of  479500000  with  500000  intervals
422000000  of  479500000  with  500000  intervals
422500000  of  479500000  with  500000  intervals
423000000  of  479500000  with  500000  intervals
423500000  of  479500000  with  500000  intervals
424000000  of  479500000  with  500000  intervals
424500000  of  479500000  with  500000  intervals
425000000  of  479500000  with  500000  intervals
425500000  of  479500000  with  500000  intervals
426000000  of  479500000  with  500000  intervals
426500000  of  479500000  with  500000  intervals
427000000  of  479500000  with  500000  intervals
427500000  of  479500000  with  500000  intervals
428000000  of  479500000  with  500000  intervals
428500000  of  479500000  with  500000  intervals
429000000  of  479500000  with  500000  intervals
429500000  of  479500000  with  500000  intervals
430000000  of  479500000  with  500000  intervals
430500000  of  479500000  with  500000  intervals
431000000  of  479500000  with  500000  intervals
431500000  of  479500000  with  500000  intervals
432000000  of  479500000  with  500000  intervals
432500000  of  479500000  with  500000  intervals
433000000  of  479500000  with  500000  intervals
433500000  of  479500000  with  500000  intervals
434000000  of  479500000  with  500000  intervals
434500000  of  479500000  with  500000  intervals
435000000  of  479500000  with  500000  intervals
435500000  of  479500000  with  500000  intervals
436000000  of  479500000  with  500000  intervals
436500000  of  479500000  with  500000  intervals
437000000  of  479500000  with  500000  intervals
437500000  of  479500000  with  500000  intervals
438000000  of  479500000  with  500000  intervals
438500000  of  479500000  with  500000  intervals
439000000  of  479500000  with  500000  intervals
439500000  of  479500000  with  500000  intervals
440000000  of  479500000  with  500000  intervals
440500000  of  479500000  with  500000  intervals
441000000  of  479500000  with  500000  intervals
441500000  of  479500000  with  500000  intervals
442000000  of  479500000  with  500000  intervals
442500000  of  479500000  with  500000  intervals
443000000  of  479500000  with  500000  intervals
443500000  of  479500000  with  500000  intervals
444000000  of  479500000  with  500000  intervals
444500000  of  479500000  with  500000  intervals
445000000  of  479500000  with  500000  intervals
445500000  of  479500000  with  500000  intervals
446000000  of  479500000  with  500000  intervals
446500000  of  479500000  with  500000  intervals
447000000  of  479500000  with  500000  intervals
447500000  of  479500000  with  500000  intervals
448000000  of  479500000  with  500000  intervals
448500000  of  479500000  with  500000  intervals
449000000  of  479500000  with  500000  intervals
449500000  of  479500000  with  500000  intervals
450000000  of  479500000  with  500000  intervals
450500000  of  479500000  with  500000  intervals
451000000  of  479500000  with  500000  intervals
451500000  of  479500000  with  500000  intervals
452000000  of  479500000  with  500000  intervals
452500000  of  479500000  with  500000  intervals
453000000  of  479500000  with  500000  intervals
453500000  of  479500000  with  500000  intervals
454000000  of  479500000  with  500000  intervals
454500000  of  479500000  with  500000  intervals
455000000  of  479500000  with  500000  intervals
455500000  of  479500000  with  500000  intervals
456000000  of  479500000  with  500000  intervals
456500000  of  479500000  with  500000  intervals
457000000  of  479500000  with  500000  intervals
457500000  of  479500000  with  500000  intervals
458000000  of  479500000  with  500000  intervals
458500000  of  479500000  with  500000  intervals
459000000  of  479500000  with  500000  intervals
459500000  of  479500000  with  500000  intervals
460000000  of  479500000  with  500000  intervals
460500000  of  479500000  with  500000  intervals
461000000  of  479500000  with  500000  intervals
461500000  of  479500000  with  500000  intervals
462000000  of  479500000  with  500000  intervals
462500000  of  479500000  with  500000  intervals
463000000  of  479500000  with  500000  intervals
463500000  of  479500000  with  500000  intervals
464000000  of  479500000  with  500000  intervals
464500000  of  479500000  with  500000  intervals
465000000  of  479500000  with  500000  intervals
465500000  of  479500000  with  500000  intervals
466000000  of  479500000  with  500000  intervals
466500000  of  479500000  with  500000  intervals
467000000  of  479500000  with  500000  intervals
467500000  of  479500000  with  500000  intervals
468000000  of  479500000  with  500000  intervals
468500000  of  479500000  with  500000  intervals
469000000  of  479500000  with  500000  intervals
469500000  of  479500000  with  500000  intervals
470000000  of  479500000  with  500000  intervals
470500000  of  479500000  with  500000  intervals
471000000  of  479500000  with  500000  intervals
471500000  of  479500000  with  500000  intervals
472000000  of  479500000  with  500000  intervals
472500000  of  479500000  with  500000  intervals
473000000  of  479500000  with  500000  intervals
473500000  of  479500000  with  500000  intervals
474000000  of  479500000  with  500000  intervals
474500000  of  479500000  with  500000  intervals
475000000  of  479500000  with  500000  intervals
475500000  of  479500000  with  500000  intervals
476000000  of  479500000  with  500000  intervals
476500000  of  479500000  with  500000  intervals
477000000  of  479500000  with  500000  intervals
477500000  of  479500000  with  500000  intervals
478000000  of  479500000  with  500000  intervals
478500000  of  479500000  with  500000  intervals
479000000  of  479500000  with  500000  intervals
